<?xml version="1.0" encoding="UTF-8"?>
<!-- Generated by org.testng.reporters.JUnitReportReporter -->
<testsuite hostname="Sunny-Kumar" failures="0" tests="1" name="com.inetbanking.testCases.TC_LoginTest_001" time="4.187" errors="0" timestamp="18 Jun 2024 15:35:58 GMT" skipped="0">
  <testcase classname="com.inetbanking.testCases.TC_LoginTest_001" name="loginTest" time="4.187"/>
</testsuite> <!-- com.inetbanking.testCases.TC_LoginTest_001 -->
