<?xml version="1.0" encoding="UTF-8"?>
<!-- Generated by org.testng.reporters.JUnitReportReporter -->
<testsuite hostname="Sunny-Kumar" failures="0" tests="1" name="com.inetbanking.testCases.TC_LoginTest_001" time="4.349" errors="0" timestamp="20 Jun 2024 04:10:35 GMT" skipped="0">
  <testcase classname="com.inetbanking.testCases.TC_LoginTest_001" name="loginTest" time="4.349"/>
</testsuite> <!-- com.inetbanking.testCases.TC_LoginTest_001 -->
