<?xml version="1.0" encoding="UTF-8"?>
<!-- Generated by org.testng.reporters.JUnitReportReporter -->
<testsuite hostname="Sunny-Kumar" failures="0" tests="1" name="com.inetbanking.testCases.TC_LoginTest_001" time="8.226" errors="0" timestamp="2024-06-20T23:11:33 IST" skipped="0">
  <testcase classname="com.inetbanking.testCases.TC_LoginTest_001" name="loginTest" time="8.226"/>
  <system-out>
    <![CDATA[username Entered
password Entered
button clicked
The page Title is matching]]>
  </system-out>
</testsuite> <!-- com.inetbanking.testCases.TC_LoginTest_001 -->
