<?xml version="1.0" encoding="UTF-8"?>
<!-- Generated by org.testng.reporters.JUnitReportReporter -->
<testsuite hostname="Sunny-Kumar" failures="0" tests="1" name="com.inetbanking.testCases.TC_AddCustomerTest_003" time="35.846" errors="0" timestamp="2024-06-21T20:41:35 IST" skipped="0">
  <testcase classname="com.inetbanking.testCases.TC_AddCustomerTest_003" name="addNewCustomer" time="35.846"/>
  <system-out/>
</testsuite> <!-- com.inetbanking.testCases.TC_AddCustomerTest_003 -->
